CRITICAL - 2023-05-17 00:17:36 --> Class "App\Helpers\Api" not found
in APPPATH\Helpers\ApiHelper.php on line 103.
 1 APPPATH\Controllers\Home.php(30): App\Helpers\ApiHelper->conexionApiAcceso([...])
 2 SYSTEMPATH\CodeIgniter.php(934): App\Controllers\Home->traerIndicadores()
 3 SYSTEMPATH\CodeIgniter.php(499): CodeIgniter\CodeIgniter->runController(Object(App\Controllers\Home))
 4 SYSTEMPATH\CodeIgniter.php(368): CodeIgniter\CodeIgniter->handleRequest(null, Object(Config\Cache), false)
 5 FCPATH\index.php(67): CodeIgniter\CodeIgniter->run()
CRITICAL - 2023-05-17 00:26:59 --> Class "App\Helpers\Test" not found
in APPPATH\Helpers\TestHelper.php on line 113.
 1 APPPATH\Controllers\Home.php(54): App\Helpers\TestHelper::imprimir_arreglo([...])
 2 SYSTEMPATH\CodeIgniter.php(934): App\Controllers\Home->agregarIndicador()
 3 SYSTEMPATH\CodeIgniter.php(499): CodeIgniter\CodeIgniter->runController(Object(App\Controllers\Home))
 4 SYSTEMPATH\CodeIgniter.php(368): CodeIgniter\CodeIgniter->handleRequest(null, Object(Config\Cache), false)
 5 FCPATH\index.php(67): CodeIgniter\CodeIgniter->run()
WARNING - 2023-05-17 00:27:46 --> [DEPRECATED] stripos(): Passing null to parameter #1 ($haystack) of type string is deprecated in APPPATH\Helpers\TestHelper.php on line 38.
 1 APPPATH\Helpers\TestHelper.php(38): stripos(null, 'b')
 2 APPPATH\Helpers\TestHelper.php(65): App\Helpers\TestHelper->procesarFormato(null, null, null)
 3 APPPATH\Helpers\TestHelper.php(114): App\Helpers\TestHelper->imprimirDeBajoNivel(null, [...], false, null, null, null, null, null)
 4 APPPATH\Controllers\Home.php(54): App\Helpers\TestHelper::imprimir_arreglo([...])
 5 SYSTEMPATH\CodeIgniter.php(934): App\Controllers\Home->agregarIndicador()
 6 SYSTEMPATH\CodeIgniter.php(499): CodeIgniter\CodeIgniter->runController(Object(App\Controllers\Home))
 7 SYSTEMPATH\CodeIgniter.php(368): CodeIgniter\CodeIgniter->handleRequest(null, Object(Config\Cache), false)
 8 FCPATH\index.php(67): CodeIgniter\CodeIgniter->run()
WARNING - 2023-05-17 00:27:46 --> [DEPRECATED] stripos(): Passing null to parameter #1 ($haystack) of type string is deprecated in APPPATH\Helpers\TestHelper.php on line 39.
 1 APPPATH\Helpers\TestHelper.php(39): stripos(null, 'i')
 2 APPPATH\Helpers\TestHelper.php(65): App\Helpers\TestHelper->procesarFormato(null, null, null)
 3 APPPATH\Helpers\TestHelper.php(114): App\Helpers\TestHelper->imprimirDeBajoNivel(null, [...], false, null, null, null, null, null)
 4 APPPATH\Controllers\Home.php(54): App\Helpers\TestHelper::imprimir_arreglo([...])
 5 SYSTEMPATH\CodeIgniter.php(934): App\Controllers\Home->agregarIndicador()
 6 SYSTEMPATH\CodeIgniter.php(499): CodeIgniter\CodeIgniter->runController(Object(App\Controllers\Home))
 7 SYSTEMPATH\CodeIgniter.php(368): CodeIgniter\CodeIgniter->handleRequest(null, Object(Config\Cache), false)
 8 FCPATH\index.php(67): CodeIgniter\CodeIgniter->run()
WARNING - 2023-05-17 00:27:46 --> [DEPRECATED] stripos(): Passing null to parameter #1 ($haystack) of type string is deprecated in APPPATH\Helpers\TestHelper.php on line 40.
 1 APPPATH\Helpers\TestHelper.php(40): stripos(null, 'u')
 2 APPPATH\Helpers\TestHelper.php(65): App\Helpers\TestHelper->procesarFormato(null, null, null)
 3 APPPATH\Helpers\TestHelper.php(114): App\Helpers\TestHelper->imprimirDeBajoNivel(null, [...], false, null, null, null, null, null)
 4 APPPATH\Controllers\Home.php(54): App\Helpers\TestHelper::imprimir_arreglo([...])
 5 SYSTEMPATH\CodeIgniter.php(934): App\Controllers\Home->agregarIndicador()
 6 SYSTEMPATH\CodeIgniter.php(499): CodeIgniter\CodeIgniter->runController(Object(App\Controllers\Home))
 7 SYSTEMPATH\CodeIgniter.php(368): CodeIgniter\CodeIgniter->handleRequest(null, Object(Config\Cache), false)
 8 FCPATH\index.php(67): CodeIgniter\CodeIgniter->run()
WARNING - 2023-05-17 01:00:17 --> [DEPRECATED] stripos(): Passing null to parameter #1 ($haystack) of type string is deprecated in APPPATH\Helpers\TestHelper.php on line 38.
 1 APPPATH\Helpers\TestHelper.php(38): stripos(null, 'b')
 2 APPPATH\Helpers\TestHelper.php(65): App\Helpers\TestHelper->procesarFormato(null, null, null)
 3 APPPATH\Helpers\TestHelper.php(114): App\Helpers\TestHelper->imprimirDeBajoNivel(null, [], false, null, null, null, null, 'die')
 4 APPPATH\Controllers\Home.php(101): App\Helpers\TestHelper::imprimir_arreglo([], 'die')
 5 SYSTEMPATH\CodeIgniter.php(934): App\Controllers\Home->agregarIndicador()
 6 SYSTEMPATH\CodeIgniter.php(499): CodeIgniter\CodeIgniter->runController(Object(App\Controllers\Home))
 7 SYSTEMPATH\CodeIgniter.php(368): CodeIgniter\CodeIgniter->handleRequest(null, Object(Config\Cache), false)
 8 FCPATH\index.php(67): CodeIgniter\CodeIgniter->run()
WARNING - 2023-05-17 01:00:17 --> [DEPRECATED] stripos(): Passing null to parameter #1 ($haystack) of type string is deprecated in APPPATH\Helpers\TestHelper.php on line 39.
 1 APPPATH\Helpers\TestHelper.php(39): stripos(null, 'i')
 2 APPPATH\Helpers\TestHelper.php(65): App\Helpers\TestHelper->procesarFormato(null, null, null)
 3 APPPATH\Helpers\TestHelper.php(114): App\Helpers\TestHelper->imprimirDeBajoNivel(null, [], false, null, null, null, null, 'die')
 4 APPPATH\Controllers\Home.php(101): App\Helpers\TestHelper::imprimir_arreglo([], 'die')
 5 SYSTEMPATH\CodeIgniter.php(934): App\Controllers\Home->agregarIndicador()
 6 SYSTEMPATH\CodeIgniter.php(499): CodeIgniter\CodeIgniter->runController(Object(App\Controllers\Home))
 7 SYSTEMPATH\CodeIgniter.php(368): CodeIgniter\CodeIgniter->handleRequest(null, Object(Config\Cache), false)
 8 FCPATH\index.php(67): CodeIgniter\CodeIgniter->run()
WARNING - 2023-05-17 01:00:17 --> [DEPRECATED] stripos(): Passing null to parameter #1 ($haystack) of type string is deprecated in APPPATH\Helpers\TestHelper.php on line 40.
 1 APPPATH\Helpers\TestHelper.php(40): stripos(null, 'u')
 2 APPPATH\Helpers\TestHelper.php(65): App\Helpers\TestHelper->procesarFormato(null, null, null)
 3 APPPATH\Helpers\TestHelper.php(114): App\Helpers\TestHelper->imprimirDeBajoNivel(null, [], false, null, null, null, null, 'die')
 4 APPPATH\Controllers\Home.php(101): App\Helpers\TestHelper::imprimir_arreglo([], 'die')
 5 SYSTEMPATH\CodeIgniter.php(934): App\Controllers\Home->agregarIndicador()
 6 SYSTEMPATH\CodeIgniter.php(499): CodeIgniter\CodeIgniter->runController(Object(App\Controllers\Home))
 7 SYSTEMPATH\CodeIgniter.php(368): CodeIgniter\CodeIgniter->handleRequest(null, Object(Config\Cache), false)
 8 FCPATH\index.php(67): CodeIgniter\CodeIgniter->run()
WARNING - 2023-05-17 01:00:33 --> [DEPRECATED] stripos(): Passing null to parameter #1 ($haystack) of type string is deprecated in APPPATH\Helpers\TestHelper.php on line 38.
 1 APPPATH\Helpers\TestHelper.php(38): stripos(null, 'b')
 2 APPPATH\Helpers\TestHelper.php(65): App\Helpers\TestHelper->procesarFormato(null, null, null)
 3 APPPATH\Helpers\TestHelper.php(114): App\Helpers\TestHelper->imprimirDeBajoNivel(null, [], false, null, null, null, null, 'die')
 4 APPPATH\Controllers\Home.php(101): App\Helpers\TestHelper::imprimir_arreglo([], 'die')
 5 SYSTEMPATH\CodeIgniter.php(934): App\Controllers\Home->agregarIndicador()
 6 SYSTEMPATH\CodeIgniter.php(499): CodeIgniter\CodeIgniter->runController(Object(App\Controllers\Home))
 7 SYSTEMPATH\CodeIgniter.php(368): CodeIgniter\CodeIgniter->handleRequest(null, Object(Config\Cache), false)
 8 FCPATH\index.php(67): CodeIgniter\CodeIgniter->run()
WARNING - 2023-05-17 01:00:33 --> [DEPRECATED] stripos(): Passing null to parameter #1 ($haystack) of type string is deprecated in APPPATH\Helpers\TestHelper.php on line 39.
 1 APPPATH\Helpers\TestHelper.php(39): stripos(null, 'i')
 2 APPPATH\Helpers\TestHelper.php(65): App\Helpers\TestHelper->procesarFormato(null, null, null)
 3 APPPATH\Helpers\TestHelper.php(114): App\Helpers\TestHelper->imprimirDeBajoNivel(null, [], false, null, null, null, null, 'die')
 4 APPPATH\Controllers\Home.php(101): App\Helpers\TestHelper::imprimir_arreglo([], 'die')
 5 SYSTEMPATH\CodeIgniter.php(934): App\Controllers\Home->agregarIndicador()
 6 SYSTEMPATH\CodeIgniter.php(499): CodeIgniter\CodeIgniter->runController(Object(App\Controllers\Home))
 7 SYSTEMPATH\CodeIgniter.php(368): CodeIgniter\CodeIgniter->handleRequest(null, Object(Config\Cache), false)
 8 FCPATH\index.php(67): CodeIgniter\CodeIgniter->run()
WARNING - 2023-05-17 01:00:33 --> [DEPRECATED] stripos(): Passing null to parameter #1 ($haystack) of type string is deprecated in APPPATH\Helpers\TestHelper.php on line 40.
 1 APPPATH\Helpers\TestHelper.php(40): stripos(null, 'u')
 2 APPPATH\Helpers\TestHelper.php(65): App\Helpers\TestHelper->procesarFormato(null, null, null)
 3 APPPATH\Helpers\TestHelper.php(114): App\Helpers\TestHelper->imprimirDeBajoNivel(null, [], false, null, null, null, null, 'die')
 4 APPPATH\Controllers\Home.php(101): App\Helpers\TestHelper::imprimir_arreglo([], 'die')
 5 SYSTEMPATH\CodeIgniter.php(934): App\Controllers\Home->agregarIndicador()
 6 SYSTEMPATH\CodeIgniter.php(499): CodeIgniter\CodeIgniter->runController(Object(App\Controllers\Home))
 7 SYSTEMPATH\CodeIgniter.php(368): CodeIgniter\CodeIgniter->handleRequest(null, Object(Config\Cache), false)
 8 FCPATH\index.php(67): CodeIgniter\CodeIgniter->run()
WARNING - 2023-05-17 01:00:52 --> [DEPRECATED] stripos(): Passing null to parameter #1 ($haystack) of type string is deprecated in APPPATH\Helpers\TestHelper.php on line 38.
 1 APPPATH\Helpers\TestHelper.php(38): stripos(null, 'b')
 2 APPPATH\Helpers\TestHelper.php(65): App\Helpers\TestHelper->procesarFormato(null, null, null)
 3 APPPATH\Helpers\TestHelper.php(114): App\Helpers\TestHelper->imprimirDeBajoNivel(null, [], false, null, null, null, null, 'die')
 4 APPPATH\Controllers\Home.php(101): App\Helpers\TestHelper::imprimir_arreglo([], 'die')
 5 SYSTEMPATH\CodeIgniter.php(934): App\Controllers\Home->agregarIndicador()
 6 SYSTEMPATH\CodeIgniter.php(499): CodeIgniter\CodeIgniter->runController(Object(App\Controllers\Home))
 7 SYSTEMPATH\CodeIgniter.php(368): CodeIgniter\CodeIgniter->handleRequest(null, Object(Config\Cache), false)
 8 FCPATH\index.php(67): CodeIgniter\CodeIgniter->run()
WARNING - 2023-05-17 01:00:52 --> [DEPRECATED] stripos(): Passing null to parameter #1 ($haystack) of type string is deprecated in APPPATH\Helpers\TestHelper.php on line 39.
 1 APPPATH\Helpers\TestHelper.php(39): stripos(null, 'i')
 2 APPPATH\Helpers\TestHelper.php(65): App\Helpers\TestHelper->procesarFormato(null, null, null)
 3 APPPATH\Helpers\TestHelper.php(114): App\Helpers\TestHelper->imprimirDeBajoNivel(null, [], false, null, null, null, null, 'die')
 4 APPPATH\Controllers\Home.php(101): App\Helpers\TestHelper::imprimir_arreglo([], 'die')
 5 SYSTEMPATH\CodeIgniter.php(934): App\Controllers\Home->agregarIndicador()
 6 SYSTEMPATH\CodeIgniter.php(499): CodeIgniter\CodeIgniter->runController(Object(App\Controllers\Home))
 7 SYSTEMPATH\CodeIgniter.php(368): CodeIgniter\CodeIgniter->handleRequest(null, Object(Config\Cache), false)
 8 FCPATH\index.php(67): CodeIgniter\CodeIgniter->run()
WARNING - 2023-05-17 01:00:52 --> [DEPRECATED] stripos(): Passing null to parameter #1 ($haystack) of type string is deprecated in APPPATH\Helpers\TestHelper.php on line 40.
 1 APPPATH\Helpers\TestHelper.php(40): stripos(null, 'u')
 2 APPPATH\Helpers\TestHelper.php(65): App\Helpers\TestHelper->procesarFormato(null, null, null)
 3 APPPATH\Helpers\TestHelper.php(114): App\Helpers\TestHelper->imprimirDeBajoNivel(null, [], false, null, null, null, null, 'die')
 4 APPPATH\Controllers\Home.php(101): App\Helpers\TestHelper::imprimir_arreglo([], 'die')
 5 SYSTEMPATH\CodeIgniter.php(934): App\Controllers\Home->agregarIndicador()
 6 SYSTEMPATH\CodeIgniter.php(499): CodeIgniter\CodeIgniter->runController(Object(App\Controllers\Home))
 7 SYSTEMPATH\CodeIgniter.php(368): CodeIgniter\CodeIgniter->handleRequest(null, Object(Config\Cache), false)
 8 FCPATH\index.php(67): CodeIgniter\CodeIgniter->run()
WARNING - 2023-05-17 01:01:15 --> [DEPRECATED] stripos(): Passing null to parameter #1 ($haystack) of type string is deprecated in APPPATH\Helpers\TestHelper.php on line 38.
 1 APPPATH\Helpers\TestHelper.php(38): stripos(null, 'b')
 2 APPPATH\Helpers\TestHelper.php(65): App\Helpers\TestHelper->procesarFormato(null, null, null)
 3 APPPATH\Helpers\TestHelper.php(114): App\Helpers\TestHelper->imprimirDeBajoNivel(null, [], false, null, null, null, null, 'die')
 4 APPPATH\Controllers\Home.php(101): App\Helpers\TestHelper::imprimir_arreglo([], 'die')
 5 SYSTEMPATH\CodeIgniter.php(934): App\Controllers\Home->agregarIndicador()
 6 SYSTEMPATH\CodeIgniter.php(499): CodeIgniter\CodeIgniter->runController(Object(App\Controllers\Home))
 7 SYSTEMPATH\CodeIgniter.php(368): CodeIgniter\CodeIgniter->handleRequest(null, Object(Config\Cache), false)
 8 FCPATH\index.php(67): CodeIgniter\CodeIgniter->run()
WARNING - 2023-05-17 01:01:15 --> [DEPRECATED] stripos(): Passing null to parameter #1 ($haystack) of type string is deprecated in APPPATH\Helpers\TestHelper.php on line 39.
 1 APPPATH\Helpers\TestHelper.php(39): stripos(null, 'i')
 2 APPPATH\Helpers\TestHelper.php(65): App\Helpers\TestHelper->procesarFormato(null, null, null)
 3 APPPATH\Helpers\TestHelper.php(114): App\Helpers\TestHelper->imprimirDeBajoNivel(null, [], false, null, null, null, null, 'die')
 4 APPPATH\Controllers\Home.php(101): App\Helpers\TestHelper::imprimir_arreglo([], 'die')
 5 SYSTEMPATH\CodeIgniter.php(934): App\Controllers\Home->agregarIndicador()
 6 SYSTEMPATH\CodeIgniter.php(499): CodeIgniter\CodeIgniter->runController(Object(App\Controllers\Home))
 7 SYSTEMPATH\CodeIgniter.php(368): CodeIgniter\CodeIgniter->handleRequest(null, Object(Config\Cache), false)
 8 FCPATH\index.php(67): CodeIgniter\CodeIgniter->run()
WARNING - 2023-05-17 01:01:15 --> [DEPRECATED] stripos(): Passing null to parameter #1 ($haystack) of type string is deprecated in APPPATH\Helpers\TestHelper.php on line 40.
 1 APPPATH\Helpers\TestHelper.php(40): stripos(null, 'u')
 2 APPPATH\Helpers\TestHelper.php(65): App\Helpers\TestHelper->procesarFormato(null, null, null)
 3 APPPATH\Helpers\TestHelper.php(114): App\Helpers\TestHelper->imprimirDeBajoNivel(null, [], false, null, null, null, null, 'die')
 4 APPPATH\Controllers\Home.php(101): App\Helpers\TestHelper::imprimir_arreglo([], 'die')
 5 SYSTEMPATH\CodeIgniter.php(934): App\Controllers\Home->agregarIndicador()
 6 SYSTEMPATH\CodeIgniter.php(499): CodeIgniter\CodeIgniter->runController(Object(App\Controllers\Home))
 7 SYSTEMPATH\CodeIgniter.php(368): CodeIgniter\CodeIgniter->handleRequest(null, Object(Config\Cache), false)
 8 FCPATH\index.php(67): CodeIgniter\CodeIgniter->run()
WARNING - 2023-05-17 01:01:44 --> [DEPRECATED] stripos(): Passing null to parameter #1 ($haystack) of type string is deprecated in APPPATH\Helpers\TestHelper.php on line 38.
 1 APPPATH\Helpers\TestHelper.php(38): stripos(null, 'b')
 2 APPPATH\Helpers\TestHelper.php(65): App\Helpers\TestHelper->procesarFormato(null, null, null)
 3 APPPATH\Helpers\TestHelper.php(114): App\Helpers\TestHelper->imprimirDeBajoNivel(null, [], false, null, null, null, null, 'die')
 4 APPPATH\Controllers\Home.php(102): App\Helpers\TestHelper::imprimir_arreglo([], 'die')
 5 SYSTEMPATH\CodeIgniter.php(934): App\Controllers\Home->agregarIndicador()
 6 SYSTEMPATH\CodeIgniter.php(499): CodeIgniter\CodeIgniter->runController(Object(App\Controllers\Home))
 7 SYSTEMPATH\CodeIgniter.php(368): CodeIgniter\CodeIgniter->handleRequest(null, Object(Config\Cache), false)
 8 FCPATH\index.php(67): CodeIgniter\CodeIgniter->run()
WARNING - 2023-05-17 01:01:44 --> [DEPRECATED] stripos(): Passing null to parameter #1 ($haystack) of type string is deprecated in APPPATH\Helpers\TestHelper.php on line 39.
 1 APPPATH\Helpers\TestHelper.php(39): stripos(null, 'i')
 2 APPPATH\Helpers\TestHelper.php(65): App\Helpers\TestHelper->procesarFormato(null, null, null)
 3 APPPATH\Helpers\TestHelper.php(114): App\Helpers\TestHelper->imprimirDeBajoNivel(null, [], false, null, null, null, null, 'die')
 4 APPPATH\Controllers\Home.php(102): App\Helpers\TestHelper::imprimir_arreglo([], 'die')
 5 SYSTEMPATH\CodeIgniter.php(934): App\Controllers\Home->agregarIndicador()
 6 SYSTEMPATH\CodeIgniter.php(499): CodeIgniter\CodeIgniter->runController(Object(App\Controllers\Home))
 7 SYSTEMPATH\CodeIgniter.php(368): CodeIgniter\CodeIgniter->handleRequest(null, Object(Config\Cache), false)
 8 FCPATH\index.php(67): CodeIgniter\CodeIgniter->run()
WARNING - 2023-05-17 01:01:44 --> [DEPRECATED] stripos(): Passing null to parameter #1 ($haystack) of type string is deprecated in APPPATH\Helpers\TestHelper.php on line 40.
 1 APPPATH\Helpers\TestHelper.php(40): stripos(null, 'u')
 2 APPPATH\Helpers\TestHelper.php(65): App\Helpers\TestHelper->procesarFormato(null, null, null)
 3 APPPATH\Helpers\TestHelper.php(114): App\Helpers\TestHelper->imprimirDeBajoNivel(null, [], false, null, null, null, null, 'die')
 4 APPPATH\Controllers\Home.php(102): App\Helpers\TestHelper::imprimir_arreglo([], 'die')
 5 SYSTEMPATH\CodeIgniter.php(934): App\Controllers\Home->agregarIndicador()
 6 SYSTEMPATH\CodeIgniter.php(499): CodeIgniter\CodeIgniter->runController(Object(App\Controllers\Home))
 7 SYSTEMPATH\CodeIgniter.php(368): CodeIgniter\CodeIgniter->handleRequest(null, Object(Config\Cache), false)
 8 FCPATH\index.php(67): CodeIgniter\CodeIgniter->run()
WARNING - 2023-05-17 01:02:48 --> [DEPRECATED] stripos(): Passing null to parameter #1 ($haystack) of type string is deprecated in APPPATH\Helpers\TestHelper.php on line 38.
 1 APPPATH\Helpers\TestHelper.php(38): stripos(null, 'b')
 2 APPPATH\Helpers\TestHelper.php(65): App\Helpers\TestHelper->procesarFormato(null, null, null)
 3 APPPATH\Helpers\TestHelper.php(114): App\Helpers\TestHelper->imprimirDeBajoNivel(null, null, false, null, null, null, null, 'die')
 4 APPPATH\Controllers\Home.php(104): App\Helpers\TestHelper::imprimir_arreglo(null, 'die')
 5 SYSTEMPATH\CodeIgniter.php(934): App\Controllers\Home->agregarIndicador()
 6 SYSTEMPATH\CodeIgniter.php(499): CodeIgniter\CodeIgniter->runController(Object(App\Controllers\Home))
 7 SYSTEMPATH\CodeIgniter.php(368): CodeIgniter\CodeIgniter->handleRequest(null, Object(Config\Cache), false)
 8 FCPATH\index.php(67): CodeIgniter\CodeIgniter->run()
WARNING - 2023-05-17 01:02:48 --> [DEPRECATED] stripos(): Passing null to parameter #1 ($haystack) of type string is deprecated in APPPATH\Helpers\TestHelper.php on line 39.
 1 APPPATH\Helpers\TestHelper.php(39): stripos(null, 'i')
 2 APPPATH\Helpers\TestHelper.php(65): App\Helpers\TestHelper->procesarFormato(null, null, null)
 3 APPPATH\Helpers\TestHelper.php(114): App\Helpers\TestHelper->imprimirDeBajoNivel(null, null, false, null, null, null, null, 'die')
 4 APPPATH\Controllers\Home.php(104): App\Helpers\TestHelper::imprimir_arreglo(null, 'die')
 5 SYSTEMPATH\CodeIgniter.php(934): App\Controllers\Home->agregarIndicador()
 6 SYSTEMPATH\CodeIgniter.php(499): CodeIgniter\CodeIgniter->runController(Object(App\Controllers\Home))
 7 SYSTEMPATH\CodeIgniter.php(368): CodeIgniter\CodeIgniter->handleRequest(null, Object(Config\Cache), false)
 8 FCPATH\index.php(67): CodeIgniter\CodeIgniter->run()
WARNING - 2023-05-17 01:02:48 --> [DEPRECATED] stripos(): Passing null to parameter #1 ($haystack) of type string is deprecated in APPPATH\Helpers\TestHelper.php on line 40.
 1 APPPATH\Helpers\TestHelper.php(40): stripos(null, 'u')
 2 APPPATH\Helpers\TestHelper.php(65): App\Helpers\TestHelper->procesarFormato(null, null, null)
 3 APPPATH\Helpers\TestHelper.php(114): App\Helpers\TestHelper->imprimirDeBajoNivel(null, null, false, null, null, null, null, 'die')
 4 APPPATH\Controllers\Home.php(104): App\Helpers\TestHelper::imprimir_arreglo(null, 'die')
 5 SYSTEMPATH\CodeIgniter.php(934): App\Controllers\Home->agregarIndicador()
 6 SYSTEMPATH\CodeIgniter.php(499): CodeIgniter\CodeIgniter->runController(Object(App\Controllers\Home))
 7 SYSTEMPATH\CodeIgniter.php(368): CodeIgniter\CodeIgniter->handleRequest(null, Object(Config\Cache), false)
 8 FCPATH\index.php(67): CodeIgniter\CodeIgniter->run()
WARNING - 2023-05-17 01:03:02 --> [DEPRECATED] stripos(): Passing null to parameter #1 ($haystack) of type string is deprecated in APPPATH\Helpers\TestHelper.php on line 38.
 1 APPPATH\Helpers\TestHelper.php(38): stripos(null, 'b')
 2 APPPATH\Helpers\TestHelper.php(65): App\Helpers\TestHelper->procesarFormato(null, null, null)
 3 APPPATH\Helpers\TestHelper.php(114): App\Helpers\TestHelper->imprimirDeBajoNivel(null, null, false, null, null, null, null, 'die')
 4 APPPATH\Controllers\Home.php(104): App\Helpers\TestHelper::imprimir_arreglo(null, 'die')
 5 SYSTEMPATH\CodeIgniter.php(934): App\Controllers\Home->agregarIndicador()
 6 SYSTEMPATH\CodeIgniter.php(499): CodeIgniter\CodeIgniter->runController(Object(App\Controllers\Home))
 7 SYSTEMPATH\CodeIgniter.php(368): CodeIgniter\CodeIgniter->handleRequest(null, Object(Config\Cache), false)
 8 FCPATH\index.php(67): CodeIgniter\CodeIgniter->run()
WARNING - 2023-05-17 01:03:02 --> [DEPRECATED] stripos(): Passing null to parameter #1 ($haystack) of type string is deprecated in APPPATH\Helpers\TestHelper.php on line 39.
 1 APPPATH\Helpers\TestHelper.php(39): stripos(null, 'i')
 2 APPPATH\Helpers\TestHelper.php(65): App\Helpers\TestHelper->procesarFormato(null, null, null)
 3 APPPATH\Helpers\TestHelper.php(114): App\Helpers\TestHelper->imprimirDeBajoNivel(null, null, false, null, null, null, null, 'die')
 4 APPPATH\Controllers\Home.php(104): App\Helpers\TestHelper::imprimir_arreglo(null, 'die')
 5 SYSTEMPATH\CodeIgniter.php(934): App\Controllers\Home->agregarIndicador()
 6 SYSTEMPATH\CodeIgniter.php(499): CodeIgniter\CodeIgniter->runController(Object(App\Controllers\Home))
 7 SYSTEMPATH\CodeIgniter.php(368): CodeIgniter\CodeIgniter->handleRequest(null, Object(Config\Cache), false)
 8 FCPATH\index.php(67): CodeIgniter\CodeIgniter->run()
WARNING - 2023-05-17 01:03:02 --> [DEPRECATED] stripos(): Passing null to parameter #1 ($haystack) of type string is deprecated in APPPATH\Helpers\TestHelper.php on line 40.
 1 APPPATH\Helpers\TestHelper.php(40): stripos(null, 'u')
 2 APPPATH\Helpers\TestHelper.php(65): App\Helpers\TestHelper->procesarFormato(null, null, null)
 3 APPPATH\Helpers\TestHelper.php(114): App\Helpers\TestHelper->imprimirDeBajoNivel(null, null, false, null, null, null, null, 'die')
 4 APPPATH\Controllers\Home.php(104): App\Helpers\TestHelper::imprimir_arreglo(null, 'die')
 5 SYSTEMPATH\CodeIgniter.php(934): App\Controllers\Home->agregarIndicador()
 6 SYSTEMPATH\CodeIgniter.php(499): CodeIgniter\CodeIgniter->runController(Object(App\Controllers\Home))
 7 SYSTEMPATH\CodeIgniter.php(368): CodeIgniter\CodeIgniter->handleRequest(null, Object(Config\Cache), false)
 8 FCPATH\index.php(67): CodeIgniter\CodeIgniter->run()
WARNING - 2023-05-17 01:03:17 --> [DEPRECATED] stripos(): Passing null to parameter #1 ($haystack) of type string is deprecated in APPPATH\Helpers\TestHelper.php on line 38.
 1 APPPATH\Helpers\TestHelper.php(38): stripos(null, 'b')
 2 APPPATH\Helpers\TestHelper.php(65): App\Helpers\TestHelper->procesarFormato(null, null, null)
 3 APPPATH\Helpers\TestHelper.php(114): App\Helpers\TestHelper->imprimirDeBajoNivel(null, [...], false, null, null, null, null, 'die')
 4 APPPATH\Controllers\Home.php(104): App\Helpers\TestHelper::imprimir_arreglo([...], 'die')
 5 SYSTEMPATH\CodeIgniter.php(934): App\Controllers\Home->agregarIndicador()
 6 SYSTEMPATH\CodeIgniter.php(499): CodeIgniter\CodeIgniter->runController(Object(App\Controllers\Home))
 7 SYSTEMPATH\CodeIgniter.php(368): CodeIgniter\CodeIgniter->handleRequest(null, Object(Config\Cache), false)
 8 FCPATH\index.php(67): CodeIgniter\CodeIgniter->run()
WARNING - 2023-05-17 01:03:17 --> [DEPRECATED] stripos(): Passing null to parameter #1 ($haystack) of type string is deprecated in APPPATH\Helpers\TestHelper.php on line 39.
 1 APPPATH\Helpers\TestHelper.php(39): stripos(null, 'i')
 2 APPPATH\Helpers\TestHelper.php(65): App\Helpers\TestHelper->procesarFormato(null, null, null)
 3 APPPATH\Helpers\TestHelper.php(114): App\Helpers\TestHelper->imprimirDeBajoNivel(null, [...], false, null, null, null, null, 'die')
 4 APPPATH\Controllers\Home.php(104): App\Helpers\TestHelper::imprimir_arreglo([...], 'die')
 5 SYSTEMPATH\CodeIgniter.php(934): App\Controllers\Home->agregarIndicador()
 6 SYSTEMPATH\CodeIgniter.php(499): CodeIgniter\CodeIgniter->runController(Object(App\Controllers\Home))
 7 SYSTEMPATH\CodeIgniter.php(368): CodeIgniter\CodeIgniter->handleRequest(null, Object(Config\Cache), false)
 8 FCPATH\index.php(67): CodeIgniter\CodeIgniter->run()
WARNING - 2023-05-17 01:03:17 --> [DEPRECATED] stripos(): Passing null to parameter #1 ($haystack) of type string is deprecated in APPPATH\Helpers\TestHelper.php on line 40.
 1 APPPATH\Helpers\TestHelper.php(40): stripos(null, 'u')
 2 APPPATH\Helpers\TestHelper.php(65): App\Helpers\TestHelper->procesarFormato(null, null, null)
 3 APPPATH\Helpers\TestHelper.php(114): App\Helpers\TestHelper->imprimirDeBajoNivel(null, [...], false, null, null, null, null, 'die')
 4 APPPATH\Controllers\Home.php(104): App\Helpers\TestHelper::imprimir_arreglo([...], 'die')
 5 SYSTEMPATH\CodeIgniter.php(934): App\Controllers\Home->agregarIndicador()
 6 SYSTEMPATH\CodeIgniter.php(499): CodeIgniter\CodeIgniter->runController(Object(App\Controllers\Home))
 7 SYSTEMPATH\CodeIgniter.php(368): CodeIgniter\CodeIgniter->handleRequest(null, Object(Config\Cache), false)
 8 FCPATH\index.php(67): CodeIgniter\CodeIgniter->run()
WARNING - 2023-05-17 01:07:05 --> [DEPRECATED] stripos(): Passing null to parameter #1 ($haystack) of type string is deprecated in APPPATH\Helpers\TestHelper.php on line 38.
 1 APPPATH\Helpers\TestHelper.php(38): stripos(null, 'b')
 2 APPPATH\Helpers\TestHelper.php(65): App\Helpers\TestHelper->procesarFormato(null, null, null)
 3 APPPATH\Helpers\TestHelper.php(114): App\Helpers\TestHelper->imprimirDeBajoNivel(null, [...], false, null, null, null, null, 'die')
 4 APPPATH\Controllers\Home.php(104): App\Helpers\TestHelper::imprimir_arreglo([...], 'die')
 5 SYSTEMPATH\CodeIgniter.php(934): App\Controllers\Home->agregarIndicador()
 6 SYSTEMPATH\CodeIgniter.php(499): CodeIgniter\CodeIgniter->runController(Object(App\Controllers\Home))
 7 SYSTEMPATH\CodeIgniter.php(368): CodeIgniter\CodeIgniter->handleRequest(null, Object(Config\Cache), false)
 8 FCPATH\index.php(67): CodeIgniter\CodeIgniter->run()
WARNING - 2023-05-17 01:07:05 --> [DEPRECATED] stripos(): Passing null to parameter #1 ($haystack) of type string is deprecated in APPPATH\Helpers\TestHelper.php on line 39.
 1 APPPATH\Helpers\TestHelper.php(39): stripos(null, 'i')
 2 APPPATH\Helpers\TestHelper.php(65): App\Helpers\TestHelper->procesarFormato(null, null, null)
 3 APPPATH\Helpers\TestHelper.php(114): App\Helpers\TestHelper->imprimirDeBajoNivel(null, [...], false, null, null, null, null, 'die')
 4 APPPATH\Controllers\Home.php(104): App\Helpers\TestHelper::imprimir_arreglo([...], 'die')
 5 SYSTEMPATH\CodeIgniter.php(934): App\Controllers\Home->agregarIndicador()
 6 SYSTEMPATH\CodeIgniter.php(499): CodeIgniter\CodeIgniter->runController(Object(App\Controllers\Home))
 7 SYSTEMPATH\CodeIgniter.php(368): CodeIgniter\CodeIgniter->handleRequest(null, Object(Config\Cache), false)
 8 FCPATH\index.php(67): CodeIgniter\CodeIgniter->run()
WARNING - 2023-05-17 01:07:05 --> [DEPRECATED] stripos(): Passing null to parameter #1 ($haystack) of type string is deprecated in APPPATH\Helpers\TestHelper.php on line 40.
 1 APPPATH\Helpers\TestHelper.php(40): stripos(null, 'u')
 2 APPPATH\Helpers\TestHelper.php(65): App\Helpers\TestHelper->procesarFormato(null, null, null)
 3 APPPATH\Helpers\TestHelper.php(114): App\Helpers\TestHelper->imprimirDeBajoNivel(null, [...], false, null, null, null, null, 'die')
 4 APPPATH\Controllers\Home.php(104): App\Helpers\TestHelper::imprimir_arreglo([...], 'die')
 5 SYSTEMPATH\CodeIgniter.php(934): App\Controllers\Home->agregarIndicador()
 6 SYSTEMPATH\CodeIgniter.php(499): CodeIgniter\CodeIgniter->runController(Object(App\Controllers\Home))
 7 SYSTEMPATH\CodeIgniter.php(368): CodeIgniter\CodeIgniter->handleRequest(null, Object(Config\Cache), false)
 8 FCPATH\index.php(67): CodeIgniter\CodeIgniter->run()
WARNING - 2023-05-17 01:07:26 --> [DEPRECATED] stripos(): Passing null to parameter #1 ($haystack) of type string is deprecated in APPPATH\Helpers\TestHelper.php on line 38.
 1 APPPATH\Helpers\TestHelper.php(38): stripos(null, 'b')
 2 APPPATH\Helpers\TestHelper.php(65): App\Helpers\TestHelper->procesarFormato(null, null, null)
 3 APPPATH\Helpers\TestHelper.php(114): App\Helpers\TestHelper->imprimirDeBajoNivel(null, [...], false, null, null, null, null, 'die')
 4 APPPATH\Controllers\Home.php(104): App\Helpers\TestHelper::imprimir_arreglo([...], 'die')
 5 SYSTEMPATH\CodeIgniter.php(934): App\Controllers\Home->agregarIndicador()
 6 SYSTEMPATH\CodeIgniter.php(499): CodeIgniter\CodeIgniter->runController(Object(App\Controllers\Home))
 7 SYSTEMPATH\CodeIgniter.php(368): CodeIgniter\CodeIgniter->handleRequest(null, Object(Config\Cache), false)
 8 FCPATH\index.php(67): CodeIgniter\CodeIgniter->run()
WARNING - 2023-05-17 01:07:26 --> [DEPRECATED] stripos(): Passing null to parameter #1 ($haystack) of type string is deprecated in APPPATH\Helpers\TestHelper.php on line 39.
 1 APPPATH\Helpers\TestHelper.php(39): stripos(null, 'i')
 2 APPPATH\Helpers\TestHelper.php(65): App\Helpers\TestHelper->procesarFormato(null, null, null)
 3 APPPATH\Helpers\TestHelper.php(114): App\Helpers\TestHelper->imprimirDeBajoNivel(null, [...], false, null, null, null, null, 'die')
 4 APPPATH\Controllers\Home.php(104): App\Helpers\TestHelper::imprimir_arreglo([...], 'die')
 5 SYSTEMPATH\CodeIgniter.php(934): App\Controllers\Home->agregarIndicador()
 6 SYSTEMPATH\CodeIgniter.php(499): CodeIgniter\CodeIgniter->runController(Object(App\Controllers\Home))
 7 SYSTEMPATH\CodeIgniter.php(368): CodeIgniter\CodeIgniter->handleRequest(null, Object(Config\Cache), false)
 8 FCPATH\index.php(67): CodeIgniter\CodeIgniter->run()
WARNING - 2023-05-17 01:07:26 --> [DEPRECATED] stripos(): Passing null to parameter #1 ($haystack) of type string is deprecated in APPPATH\Helpers\TestHelper.php on line 40.
 1 APPPATH\Helpers\TestHelper.php(40): stripos(null, 'u')
 2 APPPATH\Helpers\TestHelper.php(65): App\Helpers\TestHelper->procesarFormato(null, null, null)
 3 APPPATH\Helpers\TestHelper.php(114): App\Helpers\TestHelper->imprimirDeBajoNivel(null, [...], false, null, null, null, null, 'die')
 4 APPPATH\Controllers\Home.php(104): App\Helpers\TestHelper::imprimir_arreglo([...], 'die')
 5 SYSTEMPATH\CodeIgniter.php(934): App\Controllers\Home->agregarIndicador()
 6 SYSTEMPATH\CodeIgniter.php(499): CodeIgniter\CodeIgniter->runController(Object(App\Controllers\Home))
 7 SYSTEMPATH\CodeIgniter.php(368): CodeIgniter\CodeIgniter->handleRequest(null, Object(Config\Cache), false)
 8 FCPATH\index.php(67): CodeIgniter\CodeIgniter->run()
WARNING - 2023-05-17 01:07:32 --> [DEPRECATED] stripos(): Passing null to parameter #1 ($haystack) of type string is deprecated in APPPATH\Helpers\TestHelper.php on line 38.
 1 APPPATH\Helpers\TestHelper.php(38): stripos(null, 'b')
 2 APPPATH\Helpers\TestHelper.php(65): App\Helpers\TestHelper->procesarFormato(null, null, null)
 3 APPPATH\Helpers\TestHelper.php(114): App\Helpers\TestHelper->imprimirDeBajoNivel(null, [...], false, null, null, null, null, 'die')
 4 APPPATH\Controllers\Home.php(104): App\Helpers\TestHelper::imprimir_arreglo([...], 'die')
 5 SYSTEMPATH\CodeIgniter.php(934): App\Controllers\Home->agregarIndicador()
 6 SYSTEMPATH\CodeIgniter.php(499): CodeIgniter\CodeIgniter->runController(Object(App\Controllers\Home))
 7 SYSTEMPATH\CodeIgniter.php(368): CodeIgniter\CodeIgniter->handleRequest(null, Object(Config\Cache), false)
 8 FCPATH\index.php(67): CodeIgniter\CodeIgniter->run()
WARNING - 2023-05-17 01:07:32 --> [DEPRECATED] stripos(): Passing null to parameter #1 ($haystack) of type string is deprecated in APPPATH\Helpers\TestHelper.php on line 39.
 1 APPPATH\Helpers\TestHelper.php(39): stripos(null, 'i')
 2 APPPATH\Helpers\TestHelper.php(65): App\Helpers\TestHelper->procesarFormato(null, null, null)
 3 APPPATH\Helpers\TestHelper.php(114): App\Helpers\TestHelper->imprimirDeBajoNivel(null, [...], false, null, null, null, null, 'die')
 4 APPPATH\Controllers\Home.php(104): App\Helpers\TestHelper::imprimir_arreglo([...], 'die')
 5 SYSTEMPATH\CodeIgniter.php(934): App\Controllers\Home->agregarIndicador()
 6 SYSTEMPATH\CodeIgniter.php(499): CodeIgniter\CodeIgniter->runController(Object(App\Controllers\Home))
 7 SYSTEMPATH\CodeIgniter.php(368): CodeIgniter\CodeIgniter->handleRequest(null, Object(Config\Cache), false)
 8 FCPATH\index.php(67): CodeIgniter\CodeIgniter->run()
WARNING - 2023-05-17 01:07:32 --> [DEPRECATED] stripos(): Passing null to parameter #1 ($haystack) of type string is deprecated in APPPATH\Helpers\TestHelper.php on line 40.
 1 APPPATH\Helpers\TestHelper.php(40): stripos(null, 'u')
 2 APPPATH\Helpers\TestHelper.php(65): App\Helpers\TestHelper->procesarFormato(null, null, null)
 3 APPPATH\Helpers\TestHelper.php(114): App\Helpers\TestHelper->imprimirDeBajoNivel(null, [...], false, null, null, null, null, 'die')
 4 APPPATH\Controllers\Home.php(104): App\Helpers\TestHelper::imprimir_arreglo([...], 'die')
 5 SYSTEMPATH\CodeIgniter.php(934): App\Controllers\Home->agregarIndicador()
 6 SYSTEMPATH\CodeIgniter.php(499): CodeIgniter\CodeIgniter->runController(Object(App\Controllers\Home))
 7 SYSTEMPATH\CodeIgniter.php(368): CodeIgniter\CodeIgniter->handleRequest(null, Object(Config\Cache), false)
 8 FCPATH\index.php(67): CodeIgniter\CodeIgniter->run()
WARNING - 2023-05-17 01:13:47 --> [DEPRECATED] stripos(): Passing null to parameter #1 ($haystack) of type string is deprecated in APPPATH\Helpers\TestHelper.php on line 38.
 1 APPPATH\Helpers\TestHelper.php(38): stripos(null, 'b')
 2 APPPATH\Helpers\TestHelper.php(65): App\Helpers\TestHelper->procesarFormato(null, null, null)
 3 APPPATH\Helpers\TestHelper.php(114): App\Helpers\TestHelper->imprimirDeBajoNivel(null, null, false, null, null, null, null, 'die')
 4 APPPATH\Controllers\Home.php(102): App\Helpers\TestHelper::imprimir_arreglo(null, 'die')
 5 SYSTEMPATH\CodeIgniter.php(934): App\Controllers\Home->agregarIndicador()
 6 SYSTEMPATH\CodeIgniter.php(499): CodeIgniter\CodeIgniter->runController(Object(App\Controllers\Home))
 7 SYSTEMPATH\CodeIgniter.php(368): CodeIgniter\CodeIgniter->handleRequest(null, Object(Config\Cache), false)
 8 FCPATH\index.php(67): CodeIgniter\CodeIgniter->run()
WARNING - 2023-05-17 01:13:47 --> [DEPRECATED] stripos(): Passing null to parameter #1 ($haystack) of type string is deprecated in APPPATH\Helpers\TestHelper.php on line 39.
 1 APPPATH\Helpers\TestHelper.php(39): stripos(null, 'i')
 2 APPPATH\Helpers\TestHelper.php(65): App\Helpers\TestHelper->procesarFormato(null, null, null)
 3 APPPATH\Helpers\TestHelper.php(114): App\Helpers\TestHelper->imprimirDeBajoNivel(null, null, false, null, null, null, null, 'die')
 4 APPPATH\Controllers\Home.php(102): App\Helpers\TestHelper::imprimir_arreglo(null, 'die')
 5 SYSTEMPATH\CodeIgniter.php(934): App\Controllers\Home->agregarIndicador()
 6 SYSTEMPATH\CodeIgniter.php(499): CodeIgniter\CodeIgniter->runController(Object(App\Controllers\Home))
 7 SYSTEMPATH\CodeIgniter.php(368): CodeIgniter\CodeIgniter->handleRequest(null, Object(Config\Cache), false)
 8 FCPATH\index.php(67): CodeIgniter\CodeIgniter->run()
WARNING - 2023-05-17 01:13:47 --> [DEPRECATED] stripos(): Passing null to parameter #1 ($haystack) of type string is deprecated in APPPATH\Helpers\TestHelper.php on line 40.
 1 APPPATH\Helpers\TestHelper.php(40): stripos(null, 'u')
 2 APPPATH\Helpers\TestHelper.php(65): App\Helpers\TestHelper->procesarFormato(null, null, null)
 3 APPPATH\Helpers\TestHelper.php(114): App\Helpers\TestHelper->imprimirDeBajoNivel(null, null, false, null, null, null, null, 'die')
 4 APPPATH\Controllers\Home.php(102): App\Helpers\TestHelper::imprimir_arreglo(null, 'die')
 5 SYSTEMPATH\CodeIgniter.php(934): App\Controllers\Home->agregarIndicador()
 6 SYSTEMPATH\CodeIgniter.php(499): CodeIgniter\CodeIgniter->runController(Object(App\Controllers\Home))
 7 SYSTEMPATH\CodeIgniter.php(368): CodeIgniter\CodeIgniter->handleRequest(null, Object(Config\Cache), false)
 8 FCPATH\index.php(67): CodeIgniter\CodeIgniter->run()
WARNING - 2023-05-17 01:14:06 --> [DEPRECATED] stripos(): Passing null to parameter #1 ($haystack) of type string is deprecated in APPPATH\Helpers\TestHelper.php on line 38.
 1 APPPATH\Helpers\TestHelper.php(38): stripos(null, 'b')
 2 APPPATH\Helpers\TestHelper.php(65): App\Helpers\TestHelper->procesarFormato(null, null, null)
 3 APPPATH\Helpers\TestHelper.php(114): App\Helpers\TestHelper->imprimirDeBajoNivel(null, [...], false, null, null, null, null, 'die')
 4 APPPATH\Controllers\Home.php(102): App\Helpers\TestHelper::imprimir_arreglo([...], 'die')
 5 SYSTEMPATH\CodeIgniter.php(934): App\Controllers\Home->agregarIndicador()
 6 SYSTEMPATH\CodeIgniter.php(499): CodeIgniter\CodeIgniter->runController(Object(App\Controllers\Home))
 7 SYSTEMPATH\CodeIgniter.php(368): CodeIgniter\CodeIgniter->handleRequest(null, Object(Config\Cache), false)
 8 FCPATH\index.php(67): CodeIgniter\CodeIgniter->run()
WARNING - 2023-05-17 01:14:06 --> [DEPRECATED] stripos(): Passing null to parameter #1 ($haystack) of type string is deprecated in APPPATH\Helpers\TestHelper.php on line 39.
 1 APPPATH\Helpers\TestHelper.php(39): stripos(null, 'i')
 2 APPPATH\Helpers\TestHelper.php(65): App\Helpers\TestHelper->procesarFormato(null, null, null)
 3 APPPATH\Helpers\TestHelper.php(114): App\Helpers\TestHelper->imprimirDeBajoNivel(null, [...], false, null, null, null, null, 'die')
 4 APPPATH\Controllers\Home.php(102): App\Helpers\TestHelper::imprimir_arreglo([...], 'die')
 5 SYSTEMPATH\CodeIgniter.php(934): App\Controllers\Home->agregarIndicador()
 6 SYSTEMPATH\CodeIgniter.php(499): CodeIgniter\CodeIgniter->runController(Object(App\Controllers\Home))
 7 SYSTEMPATH\CodeIgniter.php(368): CodeIgniter\CodeIgniter->handleRequest(null, Object(Config\Cache), false)
 8 FCPATH\index.php(67): CodeIgniter\CodeIgniter->run()
WARNING - 2023-05-17 01:14:06 --> [DEPRECATED] stripos(): Passing null to parameter #1 ($haystack) of type string is deprecated in APPPATH\Helpers\TestHelper.php on line 40.
 1 APPPATH\Helpers\TestHelper.php(40): stripos(null, 'u')
 2 APPPATH\Helpers\TestHelper.php(65): App\Helpers\TestHelper->procesarFormato(null, null, null)
 3 APPPATH\Helpers\TestHelper.php(114): App\Helpers\TestHelper->imprimirDeBajoNivel(null, [...], false, null, null, null, null, 'die')
 4 APPPATH\Controllers\Home.php(102): App\Helpers\TestHelper::imprimir_arreglo([...], 'die')
 5 SYSTEMPATH\CodeIgniter.php(934): App\Controllers\Home->agregarIndicador()
 6 SYSTEMPATH\CodeIgniter.php(499): CodeIgniter\CodeIgniter->runController(Object(App\Controllers\Home))
 7 SYSTEMPATH\CodeIgniter.php(368): CodeIgniter\CodeIgniter->handleRequest(null, Object(Config\Cache), false)
 8 FCPATH\index.php(67): CodeIgniter\CodeIgniter->run()
WARNING - 2023-05-17 01:22:14 --> [DEPRECATED] stripos(): Passing null to parameter #1 ($haystack) of type string is deprecated in APPPATH\Helpers\TestHelper.php on line 38.
 1 APPPATH\Helpers\TestHelper.php(38): stripos(null, 'b')
 2 APPPATH\Helpers\TestHelper.php(65): App\Helpers\TestHelper->procesarFormato(null, null, null)
 3 APPPATH\Helpers\TestHelper.php(114): App\Helpers\TestHelper->imprimirDeBajoNivel(null, [...], false, null, null, null, null, 'die')
 4 APPPATH\Controllers\Home.php(55): App\Helpers\TestHelper::imprimir_arreglo([...], 'die')
 5 SYSTEMPATH\CodeIgniter.php(934): App\Controllers\Home->agregarIndicador()
 6 SYSTEMPATH\CodeIgniter.php(499): CodeIgniter\CodeIgniter->runController(Object(App\Controllers\Home))
 7 SYSTEMPATH\CodeIgniter.php(368): CodeIgniter\CodeIgniter->handleRequest(null, Object(Config\Cache), false)
 8 FCPATH\index.php(67): CodeIgniter\CodeIgniter->run()
WARNING - 2023-05-17 01:22:14 --> [DEPRECATED] stripos(): Passing null to parameter #1 ($haystack) of type string is deprecated in APPPATH\Helpers\TestHelper.php on line 39.
 1 APPPATH\Helpers\TestHelper.php(39): stripos(null, 'i')
 2 APPPATH\Helpers\TestHelper.php(65): App\Helpers\TestHelper->procesarFormato(null, null, null)
 3 APPPATH\Helpers\TestHelper.php(114): App\Helpers\TestHelper->imprimirDeBajoNivel(null, [...], false, null, null, null, null, 'die')
 4 APPPATH\Controllers\Home.php(55): App\Helpers\TestHelper::imprimir_arreglo([...], 'die')
 5 SYSTEMPATH\CodeIgniter.php(934): App\Controllers\Home->agregarIndicador()
 6 SYSTEMPATH\CodeIgniter.php(499): CodeIgniter\CodeIgniter->runController(Object(App\Controllers\Home))
 7 SYSTEMPATH\CodeIgniter.php(368): CodeIgniter\CodeIgniter->handleRequest(null, Object(Config\Cache), false)
 8 FCPATH\index.php(67): CodeIgniter\CodeIgniter->run()
WARNING - 2023-05-17 01:22:14 --> [DEPRECATED] stripos(): Passing null to parameter #1 ($haystack) of type string is deprecated in APPPATH\Helpers\TestHelper.php on line 40.
 1 APPPATH\Helpers\TestHelper.php(40): stripos(null, 'u')
 2 APPPATH\Helpers\TestHelper.php(65): App\Helpers\TestHelper->procesarFormato(null, null, null)
 3 APPPATH\Helpers\TestHelper.php(114): App\Helpers\TestHelper->imprimirDeBajoNivel(null, [...], false, null, null, null, null, 'die')
 4 APPPATH\Controllers\Home.php(55): App\Helpers\TestHelper::imprimir_arreglo([...], 'die')
 5 SYSTEMPATH\CodeIgniter.php(934): App\Controllers\Home->agregarIndicador()
 6 SYSTEMPATH\CodeIgniter.php(499): CodeIgniter\CodeIgniter->runController(Object(App\Controllers\Home))
 7 SYSTEMPATH\CodeIgniter.php(368): CodeIgniter\CodeIgniter->handleRequest(null, Object(Config\Cache), false)
 8 FCPATH\index.php(67): CodeIgniter\CodeIgniter->run()
WARNING - 2023-05-17 01:26:08 --> [DEPRECATED] stripos(): Passing null to parameter #1 ($haystack) of type string is deprecated in APPPATH\Helpers\TestHelper.php on line 38.
 1 APPPATH\Helpers\TestHelper.php(38): stripos(null, 'b')
 2 APPPATH\Helpers\TestHelper.php(65): App\Helpers\TestHelper->procesarFormato(null, null, null)
 3 APPPATH\Helpers\TestHelper.php(114): App\Helpers\TestHelper->imprimirDeBajoNivel(null, [...], false, null, null, null, null, 'die')
 4 APPPATH\Controllers\Home.php(55): App\Helpers\TestHelper::imprimir_arreglo([...], 'die')
 5 SYSTEMPATH\CodeIgniter.php(934): App\Controllers\Home->agregarIndicador()
 6 SYSTEMPATH\CodeIgniter.php(499): CodeIgniter\CodeIgniter->runController(Object(App\Controllers\Home))
 7 SYSTEMPATH\CodeIgniter.php(368): CodeIgniter\CodeIgniter->handleRequest(null, Object(Config\Cache), false)
 8 FCPATH\index.php(67): CodeIgniter\CodeIgniter->run()
WARNING - 2023-05-17 01:26:08 --> [DEPRECATED] stripos(): Passing null to parameter #1 ($haystack) of type string is deprecated in APPPATH\Helpers\TestHelper.php on line 39.
 1 APPPATH\Helpers\TestHelper.php(39): stripos(null, 'i')
 2 APPPATH\Helpers\TestHelper.php(65): App\Helpers\TestHelper->procesarFormato(null, null, null)
 3 APPPATH\Helpers\TestHelper.php(114): App\Helpers\TestHelper->imprimirDeBajoNivel(null, [...], false, null, null, null, null, 'die')
 4 APPPATH\Controllers\Home.php(55): App\Helpers\TestHelper::imprimir_arreglo([...], 'die')
 5 SYSTEMPATH\CodeIgniter.php(934): App\Controllers\Home->agregarIndicador()
 6 SYSTEMPATH\CodeIgniter.php(499): CodeIgniter\CodeIgniter->runController(Object(App\Controllers\Home))
 7 SYSTEMPATH\CodeIgniter.php(368): CodeIgniter\CodeIgniter->handleRequest(null, Object(Config\Cache), false)
 8 FCPATH\index.php(67): CodeIgniter\CodeIgniter->run()
WARNING - 2023-05-17 01:26:08 --> [DEPRECATED] stripos(): Passing null to parameter #1 ($haystack) of type string is deprecated in APPPATH\Helpers\TestHelper.php on line 40.
 1 APPPATH\Helpers\TestHelper.php(40): stripos(null, 'u')
 2 APPPATH\Helpers\TestHelper.php(65): App\Helpers\TestHelper->procesarFormato(null, null, null)
 3 APPPATH\Helpers\TestHelper.php(114): App\Helpers\TestHelper->imprimirDeBajoNivel(null, [...], false, null, null, null, null, 'die')
 4 APPPATH\Controllers\Home.php(55): App\Helpers\TestHelper::imprimir_arreglo([...], 'die')
 5 SYSTEMPATH\CodeIgniter.php(934): App\Controllers\Home->agregarIndicador()
 6 SYSTEMPATH\CodeIgniter.php(499): CodeIgniter\CodeIgniter->runController(Object(App\Controllers\Home))
 7 SYSTEMPATH\CodeIgniter.php(368): CodeIgniter\CodeIgniter->handleRequest(null, Object(Config\Cache), false)
 8 FCPATH\index.php(67): CodeIgniter\CodeIgniter->run()
