ERROR - 2023-05-19 02:57:25 --> mysqli_sql_exception: You have an error in your SQL syntax; check the manual that corresponds to your MariaDB server version for the right syntax to use near '' at line 1 in T:\Source_Code\htdocs\solutoria\system\Database\MySQLi\Connection.php:295
Stack trace:
#0 T:\Source_Code\htdocs\solutoria\system\Database\MySQLi\Connection.php(295): mysqli->query('SELECT * FROM i...', 0)
#1 T:\Source_Code\htdocs\solutoria\system\Database\BaseConnection.php(692): CodeIgniter\Database\MySQLi\Connection->execute('SELECT * FROM i...')
#2 T:\Source_Code\htdocs\solutoria\system\Database\BaseConnection.php(606): CodeIgniter\Database\BaseConnection->simpleQuery('SELECT * FROM i...')
#3 T:\Source_Code\htdocs\solutoria\app\Models\BaseModel.php(22): CodeIgniter\Database\BaseConnection->query('SELECT * FROM i...')
#4 T:\Source_Code\htdocs\solutoria\app\Models\UFModel.php(53): App\Models\BaseModel->ejecutarConsulta('SELECT * FROM i...', 'array', 'verdadero-falso')
#5 T:\Source_Code\htdocs\solutoria\app\Controllers\Home.php(145): App\Models\UFModel->existeUF('')
#6 T:\Source_Code\htdocs\solutoria\system\CodeIgniter.php(934): App\Controllers\Home->editarIndicador()
#7 T:\Source_Code\htdocs\solutoria\system\CodeIgniter.php(499): CodeIgniter\CodeIgniter->runController(Object(App\Controllers\Home))
#8 T:\Source_Code\htdocs\solutoria\system\CodeIgniter.php(368): CodeIgniter\CodeIgniter->handleRequest(NULL, Object(Config\Cache), false)
#9 T:\Source_Code\htdocs\solutoria\index.php(67): CodeIgniter\CodeIgniter->run()
#10 {main}
CRITICAL - 2023-05-19 02:57:25 --> You have an error in your SQL syntax; check the manual that corresponds to your MariaDB server version for the right syntax to use near '' at line 1
in SYSTEMPATH\Database\MySQLi\Connection.php on line 295.
 1 SYSTEMPATH\Database\MySQLi\Connection.php(295): mysqli->query('SELECT * FROM indicadores WHERE id = ', 0)
 2 SYSTEMPATH\Database\BaseConnection.php(692): CodeIgniter\Database\MySQLi\Connection->execute('SELECT * FROM indicadores WHERE id = ')
 3 SYSTEMPATH\Database\BaseConnection.php(606): CodeIgniter\Database\BaseConnection->simpleQuery('SELECT * FROM indicadores WHERE id = ')
 4 APPPATH\Models\BaseModel.php(22): CodeIgniter\Database\BaseConnection->query('SELECT * FROM indicadores WHERE id = ')
 5 APPPATH\Models\UFModel.php(53): App\Models\BaseModel->ejecutarConsulta('SELECT * FROM indicadores WHERE id = ', 'array', 'verdadero-falso')
 6 APPPATH\Controllers\Home.php(145): App\Models\UFModel->existeUF('')
 7 SYSTEMPATH\CodeIgniter.php(934): App\Controllers\Home->editarIndicador()
 8 SYSTEMPATH\CodeIgniter.php(499): CodeIgniter\CodeIgniter->runController(Object(App\Controllers\Home))
 9 SYSTEMPATH\CodeIgniter.php(368): CodeIgniter\CodeIgniter->handleRequest(null, Object(Config\Cache), false)
10 FCPATH\index.php(67): CodeIgniter\CodeIgniter->run()
ERROR - 2023-05-19 03:00:42 --> mysqli_sql_exception: You have an error in your SQL syntax; check the manual that corresponds to your MariaDB server version for the right syntax to use near '' at line 1 in T:\Source_Code\htdocs\solutoria\system\Database\MySQLi\Connection.php:295
Stack trace:
#0 T:\Source_Code\htdocs\solutoria\system\Database\MySQLi\Connection.php(295): mysqli->query('SELECT * FROM i...', 0)
#1 T:\Source_Code\htdocs\solutoria\system\Database\BaseConnection.php(692): CodeIgniter\Database\MySQLi\Connection->execute('SELECT * FROM i...')
#2 T:\Source_Code\htdocs\solutoria\system\Database\BaseConnection.php(606): CodeIgniter\Database\BaseConnection->simpleQuery('SELECT * FROM i...')
#3 T:\Source_Code\htdocs\solutoria\app\Models\BaseModel.php(22): CodeIgniter\Database\BaseConnection->query('SELECT * FROM i...')
#4 T:\Source_Code\htdocs\solutoria\app\Models\UFModel.php(53): App\Models\BaseModel->ejecutarConsulta('SELECT * FROM i...', 'array', 'verdadero-falso')
#5 T:\Source_Code\htdocs\solutoria\app\Controllers\Home.php(145): App\Models\UFModel->existeUF('')
#6 T:\Source_Code\htdocs\solutoria\system\CodeIgniter.php(934): App\Controllers\Home->editarIndicador()
#7 T:\Source_Code\htdocs\solutoria\system\CodeIgniter.php(499): CodeIgniter\CodeIgniter->runController(Object(App\Controllers\Home))
#8 T:\Source_Code\htdocs\solutoria\system\CodeIgniter.php(368): CodeIgniter\CodeIgniter->handleRequest(NULL, Object(Config\Cache), false)
#9 T:\Source_Code\htdocs\solutoria\index.php(67): CodeIgniter\CodeIgniter->run()
#10 {main}
CRITICAL - 2023-05-19 03:00:42 --> You have an error in your SQL syntax; check the manual that corresponds to your MariaDB server version for the right syntax to use near '' at line 1
in SYSTEMPATH\Database\MySQLi\Connection.php on line 295.
 1 SYSTEMPATH\Database\MySQLi\Connection.php(295): mysqli->query('SELECT * FROM indicadores WHERE id = ', 0)
 2 SYSTEMPATH\Database\BaseConnection.php(692): CodeIgniter\Database\MySQLi\Connection->execute('SELECT * FROM indicadores WHERE id = ')
 3 SYSTEMPATH\Database\BaseConnection.php(606): CodeIgniter\Database\BaseConnection->simpleQuery('SELECT * FROM indicadores WHERE id = ')
 4 APPPATH\Models\BaseModel.php(22): CodeIgniter\Database\BaseConnection->query('SELECT * FROM indicadores WHERE id = ')
 5 APPPATH\Models\UFModel.php(53): App\Models\BaseModel->ejecutarConsulta('SELECT * FROM indicadores WHERE id = ', 'array', 'verdadero-falso')
 6 APPPATH\Controllers\Home.php(145): App\Models\UFModel->existeUF('')
 7 SYSTEMPATH\CodeIgniter.php(934): App\Controllers\Home->editarIndicador()
 8 SYSTEMPATH\CodeIgniter.php(499): CodeIgniter\CodeIgniter->runController(Object(App\Controllers\Home))
 9 SYSTEMPATH\CodeIgniter.php(368): CodeIgniter\CodeIgniter->handleRequest(null, Object(Config\Cache), false)
10 FCPATH\index.php(67): CodeIgniter\CodeIgniter->run()
ERROR - 2023-05-19 03:01:44 --> mysqli_sql_exception: You have an error in your SQL syntax; check the manual that corresponds to your MariaDB server version for the right syntax to use near '' at line 1 in T:\Source_Code\htdocs\solutoria\system\Database\MySQLi\Connection.php:295
Stack trace:
#0 T:\Source_Code\htdocs\solutoria\system\Database\MySQLi\Connection.php(295): mysqli->query('SELECT * FROM i...', 0)
#1 T:\Source_Code\htdocs\solutoria\system\Database\BaseConnection.php(692): CodeIgniter\Database\MySQLi\Connection->execute('SELECT * FROM i...')
#2 T:\Source_Code\htdocs\solutoria\system\Database\BaseConnection.php(606): CodeIgniter\Database\BaseConnection->simpleQuery('SELECT * FROM i...')
#3 T:\Source_Code\htdocs\solutoria\app\Models\BaseModel.php(22): CodeIgniter\Database\BaseConnection->query('SELECT * FROM i...')
#4 T:\Source_Code\htdocs\solutoria\app\Models\UFModel.php(53): App\Models\BaseModel->ejecutarConsulta('SELECT * FROM i...', 'array', 'verdadero-falso')
#5 T:\Source_Code\htdocs\solutoria\app\Controllers\Home.php(145): App\Models\UFModel->existeUF('')
#6 T:\Source_Code\htdocs\solutoria\system\CodeIgniter.php(934): App\Controllers\Home->editarIndicador()
#7 T:\Source_Code\htdocs\solutoria\system\CodeIgniter.php(499): CodeIgniter\CodeIgniter->runController(Object(App\Controllers\Home))
#8 T:\Source_Code\htdocs\solutoria\system\CodeIgniter.php(368): CodeIgniter\CodeIgniter->handleRequest(NULL, Object(Config\Cache), false)
#9 T:\Source_Code\htdocs\solutoria\index.php(67): CodeIgniter\CodeIgniter->run()
#10 {main}
CRITICAL - 2023-05-19 03:01:44 --> You have an error in your SQL syntax; check the manual that corresponds to your MariaDB server version for the right syntax to use near '' at line 1
in SYSTEMPATH\Database\MySQLi\Connection.php on line 295.
 1 SYSTEMPATH\Database\MySQLi\Connection.php(295): mysqli->query('SELECT * FROM indicadores WHERE id = ', 0)
 2 SYSTEMPATH\Database\BaseConnection.php(692): CodeIgniter\Database\MySQLi\Connection->execute('SELECT * FROM indicadores WHERE id = ')
 3 SYSTEMPATH\Database\BaseConnection.php(606): CodeIgniter\Database\BaseConnection->simpleQuery('SELECT * FROM indicadores WHERE id = ')
 4 APPPATH\Models\BaseModel.php(22): CodeIgniter\Database\BaseConnection->query('SELECT * FROM indicadores WHERE id = ')
 5 APPPATH\Models\UFModel.php(53): App\Models\BaseModel->ejecutarConsulta('SELECT * FROM indicadores WHERE id = ', 'array', 'verdadero-falso')
 6 APPPATH\Controllers\Home.php(145): App\Models\UFModel->existeUF('')
 7 SYSTEMPATH\CodeIgniter.php(934): App\Controllers\Home->editarIndicador()
 8 SYSTEMPATH\CodeIgniter.php(499): CodeIgniter\CodeIgniter->runController(Object(App\Controllers\Home))
 9 SYSTEMPATH\CodeIgniter.php(368): CodeIgniter\CodeIgniter->handleRequest(null, Object(Config\Cache), false)
10 FCPATH\index.php(67): CodeIgniter\CodeIgniter->run()
ERROR - 2023-05-19 03:02:30 --> mysqli_sql_exception: You have an error in your SQL syntax; check the manual that corresponds to your MariaDB server version for the right syntax to use near '' at line 1 in T:\Source_Code\htdocs\solutoria\system\Database\MySQLi\Connection.php:295
Stack trace:
#0 T:\Source_Code\htdocs\solutoria\system\Database\MySQLi\Connection.php(295): mysqli->query('SELECT * FROM i...', 0)
#1 T:\Source_Code\htdocs\solutoria\system\Database\BaseConnection.php(692): CodeIgniter\Database\MySQLi\Connection->execute('SELECT * FROM i...')
#2 T:\Source_Code\htdocs\solutoria\system\Database\BaseConnection.php(606): CodeIgniter\Database\BaseConnection->simpleQuery('SELECT * FROM i...')
#3 T:\Source_Code\htdocs\solutoria\app\Models\BaseModel.php(22): CodeIgniter\Database\BaseConnection->query('SELECT * FROM i...')
#4 T:\Source_Code\htdocs\solutoria\app\Models\UFModel.php(53): App\Models\BaseModel->ejecutarConsulta('SELECT * FROM i...', 'array', 'verdadero-falso')
#5 T:\Source_Code\htdocs\solutoria\app\Controllers\Home.php(146): App\Models\UFModel->existeUF('')
#6 T:\Source_Code\htdocs\solutoria\system\CodeIgniter.php(934): App\Controllers\Home->editarIndicador()
#7 T:\Source_Code\htdocs\solutoria\system\CodeIgniter.php(499): CodeIgniter\CodeIgniter->runController(Object(App\Controllers\Home))
#8 T:\Source_Code\htdocs\solutoria\system\CodeIgniter.php(368): CodeIgniter\CodeIgniter->handleRequest(NULL, Object(Config\Cache), false)
#9 T:\Source_Code\htdocs\solutoria\index.php(67): CodeIgniter\CodeIgniter->run()
#10 {main}
CRITICAL - 2023-05-19 03:02:30 --> You have an error in your SQL syntax; check the manual that corresponds to your MariaDB server version for the right syntax to use near '' at line 1
in SYSTEMPATH\Database\MySQLi\Connection.php on line 295.
 1 SYSTEMPATH\Database\MySQLi\Connection.php(295): mysqli->query('SELECT * FROM indicadores WHERE id = ', 0)
 2 SYSTEMPATH\Database\BaseConnection.php(692): CodeIgniter\Database\MySQLi\Connection->execute('SELECT * FROM indicadores WHERE id = ')
 3 SYSTEMPATH\Database\BaseConnection.php(606): CodeIgniter\Database\BaseConnection->simpleQuery('SELECT * FROM indicadores WHERE id = ')
 4 APPPATH\Models\BaseModel.php(22): CodeIgniter\Database\BaseConnection->query('SELECT * FROM indicadores WHERE id = ')
 5 APPPATH\Models\UFModel.php(53): App\Models\BaseModel->ejecutarConsulta('SELECT * FROM indicadores WHERE id = ', 'array', 'verdadero-falso')
 6 APPPATH\Controllers\Home.php(146): App\Models\UFModel->existeUF('')
 7 SYSTEMPATH\CodeIgniter.php(934): App\Controllers\Home->editarIndicador()
 8 SYSTEMPATH\CodeIgniter.php(499): CodeIgniter\CodeIgniter->runController(Object(App\Controllers\Home))
 9 SYSTEMPATH\CodeIgniter.php(368): CodeIgniter\CodeIgniter->handleRequest(null, Object(Config\Cache), false)
10 FCPATH\index.php(67): CodeIgniter\CodeIgniter->run()
WARNING - 2023-05-19 03:03:07 --> [DEPRECATED] stripos(): Passing null to parameter #1 ($haystack) of type string is deprecated in APPPATH\Helpers\TestHelper.php on line 38.
 1 APPPATH\Helpers\TestHelper.php(38): stripos(null, 'b')
 2 APPPATH\Helpers\TestHelper.php(65): App\Helpers\TestHelper->procesarFormato(null, null, null)
 3 APPPATH\Helpers\TestHelper.php(114): App\Helpers\TestHelper->imprimirDeBajoNivel(null, [...], false, null, null, null, null, 'die')
 4 APPPATH\Controllers\Home.php(145): App\Helpers\TestHelper::imprimir_arreglo([...], 'die')
 5 SYSTEMPATH\CodeIgniter.php(934): App\Controllers\Home->editarIndicador()
 6 SYSTEMPATH\CodeIgniter.php(499): CodeIgniter\CodeIgniter->runController(Object(App\Controllers\Home))
 7 SYSTEMPATH\CodeIgniter.php(368): CodeIgniter\CodeIgniter->handleRequest(null, Object(Config\Cache), false)
 8 FCPATH\index.php(67): CodeIgniter\CodeIgniter->run()
WARNING - 2023-05-19 03:03:07 --> [DEPRECATED] stripos(): Passing null to parameter #1 ($haystack) of type string is deprecated in APPPATH\Helpers\TestHelper.php on line 39.
 1 APPPATH\Helpers\TestHelper.php(39): stripos(null, 'i')
 2 APPPATH\Helpers\TestHelper.php(65): App\Helpers\TestHelper->procesarFormato(null, null, null)
 3 APPPATH\Helpers\TestHelper.php(114): App\Helpers\TestHelper->imprimirDeBajoNivel(null, [...], false, null, null, null, null, 'die')
 4 APPPATH\Controllers\Home.php(145): App\Helpers\TestHelper::imprimir_arreglo([...], 'die')
 5 SYSTEMPATH\CodeIgniter.php(934): App\Controllers\Home->editarIndicador()
 6 SYSTEMPATH\CodeIgniter.php(499): CodeIgniter\CodeIgniter->runController(Object(App\Controllers\Home))
 7 SYSTEMPATH\CodeIgniter.php(368): CodeIgniter\CodeIgniter->handleRequest(null, Object(Config\Cache), false)
 8 FCPATH\index.php(67): CodeIgniter\CodeIgniter->run()
WARNING - 2023-05-19 03:03:07 --> [DEPRECATED] stripos(): Passing null to parameter #1 ($haystack) of type string is deprecated in APPPATH\Helpers\TestHelper.php on line 40.
 1 APPPATH\Helpers\TestHelper.php(40): stripos(null, 'u')
 2 APPPATH\Helpers\TestHelper.php(65): App\Helpers\TestHelper->procesarFormato(null, null, null)
 3 APPPATH\Helpers\TestHelper.php(114): App\Helpers\TestHelper->imprimirDeBajoNivel(null, [...], false, null, null, null, null, 'die')
 4 APPPATH\Controllers\Home.php(145): App\Helpers\TestHelper::imprimir_arreglo([...], 'die')
 5 SYSTEMPATH\CodeIgniter.php(934): App\Controllers\Home->editarIndicador()
 6 SYSTEMPATH\CodeIgniter.php(499): CodeIgniter\CodeIgniter->runController(Object(App\Controllers\Home))
 7 SYSTEMPATH\CodeIgniter.php(368): CodeIgniter\CodeIgniter->handleRequest(null, Object(Config\Cache), false)
 8 FCPATH\index.php(67): CodeIgniter\CodeIgniter->run()
WARNING - 2023-05-19 03:04:59 --> [DEPRECATED] stripos(): Passing null to parameter #1 ($haystack) of type string is deprecated in APPPATH\Helpers\TestHelper.php on line 38.
 1 APPPATH\Helpers\TestHelper.php(38): stripos(null, 'b')
 2 APPPATH\Helpers\TestHelper.php(65): App\Helpers\TestHelper->procesarFormato(null, null, null)
 3 APPPATH\Helpers\TestHelper.php(114): App\Helpers\TestHelper->imprimirDeBajoNivel(null, [...], false, null, null, null, null, 'die')
 4 APPPATH\Controllers\Home.php(145): App\Helpers\TestHelper::imprimir_arreglo([...], 'die')
 5 SYSTEMPATH\CodeIgniter.php(934): App\Controllers\Home->editarIndicador()
 6 SYSTEMPATH\CodeIgniter.php(499): CodeIgniter\CodeIgniter->runController(Object(App\Controllers\Home))
 7 SYSTEMPATH\CodeIgniter.php(368): CodeIgniter\CodeIgniter->handleRequest(null, Object(Config\Cache), false)
 8 FCPATH\index.php(67): CodeIgniter\CodeIgniter->run()
WARNING - 2023-05-19 03:04:59 --> [DEPRECATED] stripos(): Passing null to parameter #1 ($haystack) of type string is deprecated in APPPATH\Helpers\TestHelper.php on line 39.
 1 APPPATH\Helpers\TestHelper.php(39): stripos(null, 'i')
 2 APPPATH\Helpers\TestHelper.php(65): App\Helpers\TestHelper->procesarFormato(null, null, null)
 3 APPPATH\Helpers\TestHelper.php(114): App\Helpers\TestHelper->imprimirDeBajoNivel(null, [...], false, null, null, null, null, 'die')
 4 APPPATH\Controllers\Home.php(145): App\Helpers\TestHelper::imprimir_arreglo([...], 'die')
 5 SYSTEMPATH\CodeIgniter.php(934): App\Controllers\Home->editarIndicador()
 6 SYSTEMPATH\CodeIgniter.php(499): CodeIgniter\CodeIgniter->runController(Object(App\Controllers\Home))
 7 SYSTEMPATH\CodeIgniter.php(368): CodeIgniter\CodeIgniter->handleRequest(null, Object(Config\Cache), false)
 8 FCPATH\index.php(67): CodeIgniter\CodeIgniter->run()
WARNING - 2023-05-19 03:04:59 --> [DEPRECATED] stripos(): Passing null to parameter #1 ($haystack) of type string is deprecated in APPPATH\Helpers\TestHelper.php on line 40.
 1 APPPATH\Helpers\TestHelper.php(40): stripos(null, 'u')
 2 APPPATH\Helpers\TestHelper.php(65): App\Helpers\TestHelper->procesarFormato(null, null, null)
 3 APPPATH\Helpers\TestHelper.php(114): App\Helpers\TestHelper->imprimirDeBajoNivel(null, [...], false, null, null, null, null, 'die')
 4 APPPATH\Controllers\Home.php(145): App\Helpers\TestHelper::imprimir_arreglo([...], 'die')
 5 SYSTEMPATH\CodeIgniter.php(934): App\Controllers\Home->editarIndicador()
 6 SYSTEMPATH\CodeIgniter.php(499): CodeIgniter\CodeIgniter->runController(Object(App\Controllers\Home))
 7 SYSTEMPATH\CodeIgniter.php(368): CodeIgniter\CodeIgniter->handleRequest(null, Object(Config\Cache), false)
 8 FCPATH\index.php(67): CodeIgniter\CodeIgniter->run()
WARNING - 2023-05-19 03:05:21 --> [DEPRECATED] stripos(): Passing null to parameter #1 ($haystack) of type string is deprecated in APPPATH\Helpers\TestHelper.php on line 38.
 1 APPPATH\Helpers\TestHelper.php(38): stripos(null, 'b')
 2 APPPATH\Helpers\TestHelper.php(65): App\Helpers\TestHelper->procesarFormato(null, null, null)
 3 APPPATH\Helpers\TestHelper.php(114): App\Helpers\TestHelper->imprimirDeBajoNivel(null, [...], false, null, null, null, null, 'die')
 4 APPPATH\Controllers\Home.php(148): App\Helpers\TestHelper::imprimir_arreglo([...], 'die')
 5 SYSTEMPATH\CodeIgniter.php(934): App\Controllers\Home->editarIndicador()
 6 SYSTEMPATH\CodeIgniter.php(499): CodeIgniter\CodeIgniter->runController(Object(App\Controllers\Home))
 7 SYSTEMPATH\CodeIgniter.php(368): CodeIgniter\CodeIgniter->handleRequest(null, Object(Config\Cache), false)
 8 FCPATH\index.php(67): CodeIgniter\CodeIgniter->run()
WARNING - 2023-05-19 03:05:21 --> [DEPRECATED] stripos(): Passing null to parameter #1 ($haystack) of type string is deprecated in APPPATH\Helpers\TestHelper.php on line 39.
 1 APPPATH\Helpers\TestHelper.php(39): stripos(null, 'i')
 2 APPPATH\Helpers\TestHelper.php(65): App\Helpers\TestHelper->procesarFormato(null, null, null)
 3 APPPATH\Helpers\TestHelper.php(114): App\Helpers\TestHelper->imprimirDeBajoNivel(null, [...], false, null, null, null, null, 'die')
 4 APPPATH\Controllers\Home.php(148): App\Helpers\TestHelper::imprimir_arreglo([...], 'die')
 5 SYSTEMPATH\CodeIgniter.php(934): App\Controllers\Home->editarIndicador()
 6 SYSTEMPATH\CodeIgniter.php(499): CodeIgniter\CodeIgniter->runController(Object(App\Controllers\Home))
 7 SYSTEMPATH\CodeIgniter.php(368): CodeIgniter\CodeIgniter->handleRequest(null, Object(Config\Cache), false)
 8 FCPATH\index.php(67): CodeIgniter\CodeIgniter->run()
WARNING - 2023-05-19 03:05:21 --> [DEPRECATED] stripos(): Passing null to parameter #1 ($haystack) of type string is deprecated in APPPATH\Helpers\TestHelper.php on line 40.
 1 APPPATH\Helpers\TestHelper.php(40): stripos(null, 'u')
 2 APPPATH\Helpers\TestHelper.php(65): App\Helpers\TestHelper->procesarFormato(null, null, null)
 3 APPPATH\Helpers\TestHelper.php(114): App\Helpers\TestHelper->imprimirDeBajoNivel(null, [...], false, null, null, null, null, 'die')
 4 APPPATH\Controllers\Home.php(148): App\Helpers\TestHelper::imprimir_arreglo([...], 'die')
 5 SYSTEMPATH\CodeIgniter.php(934): App\Controllers\Home->editarIndicador()
 6 SYSTEMPATH\CodeIgniter.php(499): CodeIgniter\CodeIgniter->runController(Object(App\Controllers\Home))
 7 SYSTEMPATH\CodeIgniter.php(368): CodeIgniter\CodeIgniter->handleRequest(null, Object(Config\Cache), false)
 8 FCPATH\index.php(67): CodeIgniter\CodeIgniter->run()
